<?xml version="1.0" encoding="UTF-8"?>
<testng-results ignored="0" total="1" passed="1" failed="0" skipped="0">
  <reporter-output>
  </reporter-output>
  <suite started-at="2022-09-25T15:22:36 IST" name="Default suite" finished-at="2022-09-25T15:22:50 IST" duration-ms="14252">
    <groups>
    </groups>
    <test started-at="2022-09-25T15:22:36 IST" name="Default test" finished-at="2022-09-25T15:22:50 IST" duration-ms="14252">
      <class name="Test.NewTest">
        <test-method is-config="true" signature="lauch()[pri:0, instance:Test.NewTest@36902638]" started-at="2022-09-25T15:22:36 IST" name="lauch" finished-at="2022-09-25T15:22:44 IST" duration-ms="7782" status="PASS">
          <reporter-output>
          </reporter-output>
        </test-method> <!-- lauch -->
        <test-method signature="test()[pri:0, instance:Test.NewTest@36902638]" started-at="2022-09-25T15:22:44 IST" name="test" finished-at="2022-09-25T15:22:50 IST" duration-ms="6443" status="PASS">
          <reporter-output>
          </reporter-output>
        </test-method> <!-- test -->
      </class> <!-- Test.NewTest -->
    </test> <!-- Default test -->
  </suite> <!-- Default suite -->
</testng-results>
